# JRE version: Java(TM) SE Runtime Environment (9.0+11) (build 9.0.4+11)
# Java VM: Java HotSpot(TM) 64-Bit Server VM (9.0.4+11, mixed mode, tiered, compressed oops, g1 gc, bsd-amd64)
Heap:
 garbage-first heap   total 65536K, used 37112K [0x0000000780000000, 0x0000000780100200, 0x00000007c0000000)
  region size 1024K, 28 young (28672K), 5 survivors (5120K)
 Metaspace       used 30952K, capacity 31486K, committed 31744K, reserved 1077248K
  class space    used 3389K, capacity 3503K, committed 3584K, reserved 1048576K
GC Heap History (10 events):
Event: 11.452 GC heap before
{Heap before GC invocations=1 (full 0):
 garbage-first heap   total 65536K, used 14656K [0x0000000780000000, 0x0000000780100200, 0x00000007c0000000)
  region size 1024K, 12 young (12288K), 2 survivors (2048K)
 Metaspace       used 10835K, capacity 11042K, committed 11392K, reserved 1058816K
  class space    used 998K, capacity 1062K, committed 1152K, reserved 1048576K
}
Event: 11.458 GC heap after
{Heap after GC invocations=2 (full 0):
 garbage-first heap   total 65536K, used 6088K [0x0000000780000000, 0x0000000780100200, 0x00000007c0000000)
  region size 1024K, 2 young (2048K), 2 survivors (2048K)
 Metaspace       used 10835K, capacity 11042K, committed 11392K, reserved 1058816K
  class space    used 998K, capacity 1062K, committed 1152K, reserved 1048576K
}
Event: 12.431 GC heap before
{Heap before GC invocations=2 (full 0):
 garbage-first heap   total 65536K, used 28616K [0x0000000780000000, 0x0000000780100200, 0x00000007c0000000)
  region size 1024K, 24 young (24576K), 2 survivors (2048K)
 Metaspace       used 16873K, capacity 17266K, committed 17408K, reserved 1064960K
  class space    used 1638K, capacity 1727K, committed 1792K, reserved 1048576K
}
Event: 12.441 GC heap after
{Heap after GC invocations=3 (full 0):
 garbage-first heap   total 65536K, used 8246K [0x0000000780000000, 0x0000000780100200, 0x00000007c0000000)
  region size 1024K, 3 young (3072K), 3 survivors (3072K)
 Metaspace       used 16873K, capacity 17266K, committed 17408K, reserved 1064960K
  class space    used 1638K, capacity 1727K, committed 1792K, reserved 1048576K
}
Event: 14.182 GC heap before
{Heap before GC invocations=3 (full 0):
 garbage-first heap   total 65536K, used 33846K [0x0000000780000000, 0x0000000780100200, 0x00000007c0000000)
  region size 1024K, 29 young (29696K), 3 survivors (3072K)
 Metaspace       used 20691K, capacity 21092K, committed 21248K, reserved 1069056K
  class space    used 2130K, capacity 2204K, committed 2304K, reserved 1048576K
}
Event: 14.196 GC heap after
{Heap after GC invocations=4 (full 0):
 garbage-first heap   total 65536K, used 11066K [0x0000000780000000, 0x0000000780100200, 0x00000007c0000000)
  region size 1024K, 5 young (5120K), 5 survivors (5120K)
 Metaspace       used 20691K, capacity 21092K, committed 21248K, reserved 1069056K
  class space    used 2130K, capacity 2204K, committed 2304K, reserved 1048576K
}
Event: 14.827 GC heap before
{Heap before GC invocations=5 (full 0):
 garbage-first heap   total 65536K, used 44858K [0x0000000780000000, 0x0000000780100200, 0x00000007c0000000)
  region size 1024K, 32 young (32768K), 5 survivors (5120K)
 Metaspace       used 24207K, capacity 24588K, committed 24704K, reserved 1071104K
  class space    used 2596K, capacity 2684K, committed 2688K, reserved 1048576K
}
Event: 14.840 GC heap after
{Heap after GC invocations=6 (full 0):
 garbage-first heap   total 65536K, used 12976K [0x0000000780000000, 0x0000000780100200, 0x00000007c0000000)
  region size 1024K, 4 young (4096K), 4 survivors (4096K)
 Metaspace       used 24207K, capacity 24588K, committed 24704K, reserved 1071104K
  class space    used 2596K, capacity 2684K, committed 2688K, reserved 1048576K
}
Event: 15.366 GC heap before
{Heap before GC invocations=6 (full 0):
 garbage-first heap   total 65536K, used 42672K [0x0000000780000000, 0x0000000780100200, 0x00000007c0000000)
  region size 1024K, 33 young (33792K), 4 survivors (4096K)
 Metaspace       used 28154K, capacity 28588K, committed 28800K, reserved 1075200K
  class space    used 3059K, capacity 3164K, committed 3200K, reserved 1048576K
}
Event: 15.374 GC heap after
{Heap after GC invocations=7 (full 0):
 garbage-first heap   total 65536K, used 14584K [0x0000000780000000, 0x0000000780100200, 0x00000007c0000000)
  region size 1024K, 5 young (5120K), 5 survivors (5120K)
 Metaspace       used 28154K, capacity 28588K, committed 28800K, reserved 1075200K
  class space    used 3059K, capacity 3164K, committed 3200K, reserved 1048576K
}

